  Validating sources
  Copying sources remotely to 'localhost'
  Validating architecture
  Validating architecture
  Starting remote build
  Compiling sources:
  main.cpp
C:\Users\Unnam\Documents\GitHub\HeistBot\HeistBot\main.cpp(17,29): warning : catching polymorphic type ‘class std::invalid_argument’ by value [-Wcatch-value=]
C:\Users\Unnam\Documents\GitHub\HeistBot\HeistBot\main.cpp(17,29): warning :    17 |     catch (invalid_argument inva) { return false; }
C:\Users\Unnam\Documents\GitHub\HeistBot\HeistBot\main.cpp(17,29): warning :       |                             ^~~~
  Shape.cpp
C:\Users\Unnam\Documents\GitHub\HeistBot\HeistBot\Shape.cpp(18,20): warning : comparison of integer expressions of different signedness: ‘int’ and ‘std::__cxx11::list<Vector2>::size_type’ {aka ‘long unsigned int’} [-Wsign-compare]
C:\Users\Unnam\Documents\GitHub\HeistBot\HeistBot\Shape.cpp(18,20): warning :    18 |  for (int i = 0; i < vertices.size(); i++) if (pos == get(vertices, i)) return true;
C:\Users\Unnam\Documents\GitHub\HeistBot\HeistBot\Shape.cpp(18,20): warning :       |                  ~~^~~~~~~~~~~~~~~~~
C:\Users\Unnam\Documents\GitHub\HeistBot\HeistBot\Shape.cpp(20,20): warning : comparison of integer expressions of different signedness: ‘int’ and ‘std::__cxx11::list<Vector2>::size_type’ {aka ‘long unsigned int’} [-Wsign-compare]
C:\Users\Unnam\Documents\GitHub\HeistBot\HeistBot\Shape.cpp(20,20): warning :    20 |  for (int i = 0; i < vertices.size(); i++)
C:\Users\Unnam\Documents\GitHub\HeistBot\HeistBot\Shape.cpp(20,20): warning :       |                  ~~^~~~~~~~~~~~~~~~~
C:\Users\Unnam\Documents\GitHub\HeistBot\HeistBot\Shape.cpp(22,9): warning : comparison of integer expressions of different signedness: ‘int’ and ‘std::__cxx11::list<Vector2>::size_type’ {aka ‘long unsigned int’} [-Wsign-compare]
C:\Users\Unnam\Documents\GitHub\HeistBot\HeistBot\Shape.cpp(22,9): warning :    22 |   if (i != vertices.size() - 1)
C:\Users\Unnam\Documents\GitHub\HeistBot\HeistBot\Shape.cpp(22,9): warning :       |       ~~^~~~~~~~~~~~~~~~~~~~~~
C:\Users\Unnam\Documents\GitHub\HeistBot\HeistBot\Shape.cpp(62,20): warning : comparison of integer expressions of different signedness: ‘int’ and ‘std::__cxx11::list<Vector2>::size_type’ {aka ‘long unsigned int’} [-Wsign-compare]
C:\Users\Unnam\Documents\GitHub\HeistBot\HeistBot\Shape.cpp(62,20): warning :    62 |  for (int i = 0; i < vertices.size(); i++) if (pos == get(vertices, i)) return true;
C:\Users\Unnam\Documents\GitHub\HeistBot\HeistBot\Shape.cpp(62,20): warning :       |                  ~~^~~~~~~~~~~~~~~~~
C:\Users\Unnam\Documents\GitHub\HeistBot\HeistBot\Shape.cpp(64,20): warning : comparison of integer expressions of different signedness: ‘int’ and ‘std::__cxx11::list<Vector2>::size_type’ {aka ‘long unsigned int’} [-Wsign-compare]
C:\Users\Unnam\Documents\GitHub\HeistBot\HeistBot\Shape.cpp(64,20): warning :    64 |  for (int i = 0; i < vertices.size(); i++)
C:\Users\Unnam\Documents\GitHub\HeistBot\HeistBot\Shape.cpp(64,20): warning :       |                  ~~^~~~~~~~~~~~~~~~~
C:\Users\Unnam\Documents\GitHub\HeistBot\HeistBot\Shape.cpp(66,9): warning : comparison of integer expressions of different signedness: ‘int’ and ‘std::__cxx11::list<Vector2>::size_type’ {aka ‘long unsigned int’} [-Wsign-compare]
C:\Users\Unnam\Documents\GitHub\HeistBot\HeistBot\Shape.cpp(66,9): warning :    66 |   if (i != vertices.size() - 1)
C:\Users\Unnam\Documents\GitHub\HeistBot\HeistBot\Shape.cpp(66,9): warning :       |       ~~^~~~~~~~~~~~~~~~~~~~~~
C:\Users\Unnam\Documents\GitHub\HeistBot\HeistBot\Shape.cpp(106,20): warning : comparison of integer expressions of different signedness: ‘int’ and ‘std::__cxx11::list<Vector2>::size_type’ {aka ‘long unsigned int’} [-Wsign-compare]
C:\Users\Unnam\Documents\GitHub\HeistBot\HeistBot\Shape.cpp(106,20): warning :   106 |  for (int i = 0; i < vertices.size(); i++) if (pos == get(vertices, i)) return true;
C:\Users\Unnam\Documents\GitHub\HeistBot\HeistBot\Shape.cpp(106,20): warning :       |                  ~~^~~~~~~~~~~~~~~~~
C:\Users\Unnam\Documents\GitHub\HeistBot\HeistBot\Shape.cpp(108,20): warning : comparison of integer expressions of different signedness: ‘int’ and ‘std::__cxx11::list<Vector2>::size_type’ {aka ‘long unsigned int’} [-Wsign-compare]
C:\Users\Unnam\Documents\GitHub\HeistBot\HeistBot\Shape.cpp(108,20): warning :   108 |  for (int i = 0; i < vertices.size(); i++)
C:\Users\Unnam\Documents\GitHub\HeistBot\HeistBot\Shape.cpp(108,20): warning :       |                  ~~^~~~~~~~~~~~~~~~~
C:\Users\Unnam\Documents\GitHub\HeistBot\HeistBot\Shape.cpp(110,9): warning : comparison of integer expressions of different signedness: ‘int’ and ‘std::__cxx11::list<Vector2>::size_type’ {aka ‘long unsigned int’} [-Wsign-compare]
C:\Users\Unnam\Documents\GitHub\HeistBot\HeistBot\Shape.cpp(110,9): warning :   110 |   if (i != vertices.size() - 1)
C:\Users\Unnam\Documents\GitHub\HeistBot\HeistBot\Shape.cpp(110,9): warning :       |       ~~^~~~~~~~~~~~~~~~~~~~~~
  Linking objects
  HeistBot.vcxproj -> C:\Users\Unnam\Documents\GitHub\HeistBot\HeistBot\bin\x64\Debug\HeistBot.out
